<?xml version="1.0" encoding="utf-8"?><testsuites name="pytest tests"><testsuite name="pytest" errors="0" failures="0" skipped="0" tests="16" time="4.162" timestamp="2026-04-11T05:37:27.520489+00:00" hostname="agent-env-fd61c4bc-ef0c-4d17-87c1-107624b52392"><testcase classname="backend.tests.test_api.TestHealthAndRoot" name="test_api_root" time="0.134" /><testcase classname="backend.tests.test_api.TestWeatherAPI" name="test_weather_with_known_city" time="1.573" /><testcase classname="backend.tests.test_api.TestWeatherAPI" name="test_weather_with_cold_city" time="0.444" /><testcase classname="backend.tests.test_api.TestWeatherAPI" name="test_weather_with_unknown_city" time="0.291" /><testcase classname="backend.tests.test_api.TestOrdersAPI" name="test_create_order_with_default_age" time="0.112" /><testcase classname="backend.tests.test_api.TestOrdersAPI" name="test_create_order_with_location" time="0.106" /><testcase classname="backend.tests.test_api.TestOrdersAPI" name="test_get_orders" time="0.139" /><testcase classname="backend.tests.test_api.TestOrdersAPI" name="test_get_orders_with_pagination" time="0.113" /><testcase classname="backend.tests.test_api.TestOrdersAPI" name="test_create_order_missing_required_field" time="0.114" /><testcase classname="backend.tests.test_api.TestRazorpayAPI" name="test_create_razorpay_order" time="0.384" /><testcase classname="backend.tests.test_webhook_invoice.TestInvoiceStatusAPI" name="test_invoice_status_returns_config_flags" time="0.103" /><testcase classname="backend.tests.test_webhook_invoice.TestRazorpayWebhook" name="test_webhook_payment_captured_event" time="0.102" /><testcase classname="backend.tests.test_webhook_invoice.TestRazorpayWebhook" name="test_webhook_payment_link_paid_event" time="0.108" /><testcase classname="backend.tests.test_webhook_invoice.TestRazorpayWebhook" name="test_webhook_ignores_unknown_events" time="0.112" /><testcase classname="backend.tests.test_webhook_invoice.TestRazorpayWebhook" name="test_webhook_rejects_invalid_json" time="0.109" /><testcase classname="backend.tests.test_webhook_invoice.TestRazorpayWebhook" name="test_webhook_handles_missing_payment_entity" time="0.131" /></testsuite></testsuites>