<?xml version="1.0" encoding="utf-8"?><testsuites name="pytest tests"><testsuite name="pytest" errors="0" failures="0" skipped="0" tests="27" time="19.691" timestamp="2026-04-14T13:38:26.697417+00:00" hostname="agent-env-fd61c4bc-ef0c-4d17-87c1-107624b52392"><testcase classname="backend.tests.test_api.TestHealthAndRoot" name="test_api_root" time="0.125" /><testcase classname="backend.tests.test_api.TestWeatherAPI" name="test_weather_with_known_city" time="1.170" /><testcase classname="backend.tests.test_api.TestWeatherAPI" name="test_weather_with_cold_city" time="1.140" /><testcase classname="backend.tests.test_api.TestWeatherAPI" name="test_weather_with_unknown_city" time="0.685" /><testcase classname="backend.tests.test_api.TestOrdersAPI" name="test_create_order_with_default_age" time="0.124" /><testcase classname="backend.tests.test_api.TestOrdersAPI" name="test_create_order_with_location" time="0.188" /><testcase classname="backend.tests.test_api.TestOrdersAPI" name="test_get_orders" time="0.123" /><testcase classname="backend.tests.test_api.TestOrdersAPI" name="test_get_orders_with_pagination" time="0.104" /><testcase classname="backend.tests.test_api.TestOrdersAPI" name="test_create_order_missing_required_field" time="0.101" /><testcase classname="backend.tests.test_api.TestRazorpayAPI" name="test_create_razorpay_order" time="0.975" /><testcase classname="backend.tests.test_weather_openmeteo.TestWeatherOpenMeteoAPI" name="test_weather_bangalore_returns_real_temperature" time="1.101" /><testcase classname="backend.tests.test_weather_openmeteo.TestWeatherOpenMeteoAPI" name="test_weather_mumbai_returns_real_temperature" time="1.171" /><testcase classname="backend.tests.test_weather_openmeteo.TestWeatherOpenMeteoAPI" name="test_weather_shimla_returns_cooler_temperature" time="1.120" /><testcase classname="backend.tests.test_weather_openmeteo.TestWeatherOpenMeteoAPI" name="test_weather_delhi_with_coordinates" time="0.595" /><testcase classname="backend.tests.test_weather_openmeteo.TestWeatherOpenMeteoAPI" name="test_weather_unknown_city_fallback" time="0.668" /><testcase classname="backend.tests.test_weather_openmeteo.TestWeatherOpenMeteoAPI" name="test_weather_condition_mapping" time="5.788" /><testcase classname="backend.tests.test_weather_openmeteo.TestWeatherOpenMeteoAPI" name="test_tea_recommendation_hot_weather" time="1.099" /><testcase classname="backend.tests.test_weather_openmeteo.TestWeatherOpenMeteoAPI" name="test_tea_recommendation_cold_weather" time="1.125" /><testcase classname="backend.tests.test_weather_openmeteo.TestWeatherAPIValidation" name="test_weather_empty_place" time="0.815" /><testcase classname="backend.tests.test_weather_openmeteo.TestWeatherAPIValidation" name="test_weather_missing_place" time="0.119" /><testcase classname="backend.tests.test_weather_openmeteo.TestWeatherAPIValidation" name="test_weather_with_only_coordinates" time="0.616" /><testcase classname="backend.tests.test_webhook_invoice.TestInvoiceStatusAPI" name="test_invoice_status_returns_config_flags" time="0.100" /><testcase classname="backend.tests.test_webhook_invoice.TestRazorpayWebhook" name="test_webhook_payment_captured_event" time="0.103" /><testcase classname="backend.tests.test_webhook_invoice.TestRazorpayWebhook" name="test_webhook_payment_link_paid_event" time="0.120" /><testcase classname="backend.tests.test_webhook_invoice.TestRazorpayWebhook" name="test_webhook_ignores_unknown_events" time="0.134" /><testcase classname="backend.tests.test_webhook_invoice.TestRazorpayWebhook" name="test_webhook_rejects_invalid_json" time="0.098" /><testcase classname="backend.tests.test_webhook_invoice.TestRazorpayWebhook" name="test_webhook_handles_missing_payment_entity" time="0.105" /></testsuite></testsuites>