<?xml version="1.0" encoding="utf-8"?><testsuites name="pytest tests"><testsuite name="pytest" errors="0" failures="0" skipped="0" tests="10" time="3.166" timestamp="2026-04-11T05:04:25.654010+00:00" hostname="agent-env-fd61c4bc-ef0c-4d17-87c1-107624b52392"><testcase classname="backend.tests.test_api.TestHealthAndRoot" name="test_api_root" time="0.289" /><testcase classname="backend.tests.test_api.TestWeatherAPI" name="test_weather_with_known_city" time="0.434" /><testcase classname="backend.tests.test_api.TestWeatherAPI" name="test_weather_with_cold_city" time="0.460" /><testcase classname="backend.tests.test_api.TestWeatherAPI" name="test_weather_with_unknown_city" time="0.344" /><testcase classname="backend.tests.test_api.TestOrdersAPI" name="test_create_order_with_default_age" time="0.108" /><testcase classname="backend.tests.test_api.TestOrdersAPI" name="test_create_order_with_location" time="0.100" /><testcase classname="backend.tests.test_api.TestOrdersAPI" name="test_get_orders" time="0.096" /><testcase classname="backend.tests.test_api.TestOrdersAPI" name="test_get_orders_with_pagination" time="0.105" /><testcase classname="backend.tests.test_api.TestOrdersAPI" name="test_create_order_missing_required_field" time="0.115" /><testcase classname="backend.tests.test_api.TestRazorpayAPI" name="test_create_razorpay_order" time="0.990" /></testsuite></testsuites>