<?xml version="1.0" encoding="utf-8"?><testsuites name="pytest tests"><testsuite name="pytest" errors="0" failures="0" skipped="0" tests="38" time="21.437" timestamp="2026-04-15T14:47:19.596126+00:00" hostname="agent-env-fd61c4bc-ef0c-4d17-87c1-107624b52392"><testcase classname="backend.tests.test_api.TestHealthAndRoot" name="test_api_root" time="0.132" /><testcase classname="backend.tests.test_api.TestWeatherAPI" name="test_weather_with_known_city" time="1.224" /><testcase classname="backend.tests.test_api.TestWeatherAPI" name="test_weather_with_cold_city" time="1.107" /><testcase classname="backend.tests.test_api.TestWeatherAPI" name="test_weather_with_unknown_city" time="0.643" /><testcase classname="backend.tests.test_api.TestOrdersAPI" name="test_create_order_with_default_age" time="0.110" /><testcase classname="backend.tests.test_api.TestOrdersAPI" name="test_create_order_with_location" time="0.121" /><testcase classname="backend.tests.test_api.TestOrdersAPI" name="test_get_orders" time="0.130" /><testcase classname="backend.tests.test_api.TestOrdersAPI" name="test_get_orders_with_pagination" time="0.118" /><testcase classname="backend.tests.test_api.TestOrdersAPI" name="test_create_order_missing_required_field" time="0.106" /><testcase classname="backend.tests.test_api.TestRazorpayAPI" name="test_create_razorpay_order" time="0.413" /><testcase classname="backend.tests.test_razorpay_checkout.TestCreateRazorpayOrder" name="test_create_order_success" time="0.400" /><testcase classname="backend.tests.test_razorpay_checkout.TestCreateRazorpayOrder" name="test_create_order_with_multiple_variants" time="0.378" /><testcase classname="backend.tests.test_razorpay_checkout.TestCreateRazorpayOrder" name="test_create_order_empty_variant" time="0.361" /><testcase classname="backend.tests.test_razorpay_checkout.TestCreateRazorpayOrder" name="test_create_order_missing_amount" time="0.170" /><testcase classname="backend.tests.test_razorpay_checkout.TestCreateRazorpayOrder" name="test_create_order_missing_customer_name" time="0.120" /><testcase classname="backend.tests.test_razorpay_checkout.TestVerifyPayment" name="test_verify_payment_missing_all_fields" time="0.125" /><testcase classname="backend.tests.test_razorpay_checkout.TestVerifyPayment" name="test_verify_payment_missing_payment_id" time="0.118" /><testcase classname="backend.tests.test_razorpay_checkout.TestVerifyPayment" name="test_verify_payment_missing_order_id" time="0.107" /><testcase classname="backend.tests.test_razorpay_checkout.TestVerifyPayment" name="test_verify_payment_missing_signature" time="0.260" /><testcase classname="backend.tests.test_razorpay_checkout.TestVerifyPayment" name="test_verify_payment_invalid_signature" time="0.107" /><testcase classname="backend.tests.test_razorpay_checkout.TestInvoiceStatus" name="test_invoice_status_endpoint" time="0.112" /><testcase classname="backend.tests.test_weather_openmeteo.TestWeatherOpenMeteoAPI" name="test_weather_bangalore_returns_real_temperature" time="1.168" /><testcase classname="backend.tests.test_weather_openmeteo.TestWeatherOpenMeteoAPI" name="test_weather_mumbai_returns_real_temperature" time="1.132" /><testcase classname="backend.tests.test_weather_openmeteo.TestWeatherOpenMeteoAPI" name="test_weather_shimla_returns_cooler_temperature" time="1.132" /><testcase classname="backend.tests.test_weather_openmeteo.TestWeatherOpenMeteoAPI" name="test_weather_delhi_with_coordinates" time="0.614" /><testcase classname="backend.tests.test_weather_openmeteo.TestWeatherOpenMeteoAPI" name="test_weather_unknown_city_fallback" time="0.689" /><testcase classname="backend.tests.test_weather_openmeteo.TestWeatherOpenMeteoAPI" name="test_weather_condition_mapping" time="5.726" /><testcase classname="backend.tests.test_weather_openmeteo.TestWeatherOpenMeteoAPI" name="test_tea_recommendation_hot_weather" time="1.135" /><testcase classname="backend.tests.test_weather_openmeteo.TestWeatherOpenMeteoAPI" name="test_tea_recommendation_cold_weather" time="1.202" /><testcase classname="backend.tests.test_weather_openmeteo.TestWeatherAPIValidation" name="test_weather_empty_place" time="0.666" /><testcase classname="backend.tests.test_weather_openmeteo.TestWeatherAPIValidation" name="test_weather_missing_place" time="0.110" /><testcase classname="backend.tests.test_weather_openmeteo.TestWeatherAPIValidation" name="test_weather_with_only_coordinates" time="0.602" /><testcase classname="backend.tests.test_webhook_invoice.TestInvoiceStatusAPI" name="test_invoice_status_returns_config_flags" time="0.152" /><testcase classname="backend.tests.test_webhook_invoice.TestRazorpayWebhook" name="test_webhook_payment_captured_event" time="0.129" /><testcase classname="backend.tests.test_webhook_invoice.TestRazorpayWebhook" name="test_webhook_payment_link_paid_event" time="0.136" /><testcase classname="backend.tests.test_webhook_invoice.TestRazorpayWebhook" name="test_webhook_ignores_unknown_events" time="0.126" /><testcase classname="backend.tests.test_webhook_invoice.TestRazorpayWebhook" name="test_webhook_rejects_invalid_json" time="0.153" /><testcase classname="backend.tests.test_webhook_invoice.TestRazorpayWebhook" name="test_webhook_handles_missing_payment_entity" time="0.113" /></testsuite></testsuites>