<?xml version="1.0" encoding="utf-8"?><testsuites name="pytest tests"><testsuite name="pytest" errors="0" failures="0" skipped="0" tests="9" time="3.497" timestamp="2026-04-18T09:34:20.319465+00:00" hostname="agent-env-fd61c4bc-ef0c-4d17-87c1-107624b52392"><testcase classname="tests.test_razorpay_api.TestRazorpayAPI" name="test_api_root" time="0.224" /><testcase classname="tests.test_razorpay_api.TestRazorpayAPI" name="test_create_razorpay_order_success" time="0.908" /><testcase classname="tests.test_razorpay_api.TestRazorpayAPI" name="test_create_razorpay_order_500g_variant" time="0.400" /><testcase classname="tests.test_razorpay_api.TestRazorpayAPI" name="test_verify_payment_invalid_signature" time="0.101" /><testcase classname="tests.test_razorpay_api.TestRazorpayAPI" name="test_verify_payment_missing_fields" time="0.151" /><testcase classname="tests.test_razorpay_api.TestRazorpayAPI" name="test_invoice_status_endpoint" time="0.137" /><testcase classname="tests.test_razorpay_api.TestWeatherAPI" name="test_weather_endpoint" time="1.254" /><testcase classname="tests.test_razorpay_api.TestOrdersAPI" name="test_create_order" time="0.108" /><testcase classname="tests.test_razorpay_api.TestOrdersAPI" name="test_get_orders" time="0.144" /></testsuite></testsuites>