<?xml version="1.0" encoding="utf-8"?><testsuites name="pytest tests"><testsuite name="pytest" errors="0" failures="0" skipped="0" tests="6" time="0.838" timestamp="2026-04-11T05:34:06.783267+00:00" hostname="agent-env-fd61c4bc-ef0c-4d17-87c1-107624b52392"><testcase classname="backend.tests.test_webhook_invoice.TestInvoiceStatusAPI" name="test_invoice_status_returns_config_flags" time="0.159" /><testcase classname="backend.tests.test_webhook_invoice.TestRazorpayWebhook" name="test_webhook_payment_captured_event" time="0.142" /><testcase classname="backend.tests.test_webhook_invoice.TestRazorpayWebhook" name="test_webhook_payment_link_paid_event" time="0.109" /><testcase classname="backend.tests.test_webhook_invoice.TestRazorpayWebhook" name="test_webhook_ignores_unknown_events" time="0.133" /><testcase classname="backend.tests.test_webhook_invoice.TestRazorpayWebhook" name="test_webhook_rejects_invalid_json" time="0.110" /><testcase classname="backend.tests.test_webhook_invoice.TestRazorpayWebhook" name="test_webhook_handles_missing_payment_entity" time="0.111" /></testsuite></testsuites>